# JRE version: OpenJDK Runtime Environment (15.0) (build 15-internal+0-adhoc.jenkins.loom)
# Java VM: OpenJDK 64-Bit Server VM (15-internal+0-adhoc.jenkins.loom, mixed mode, sharing, tiered, compressed oops, g1 gc, linux-amd64)
Heap:
 garbage-first heap   total 524288K, used 159666K [0x000000060a400000, 0x0000000800000000)
  region size 4096K, 37 young (151552K), 4 survivors (16384K)
 Metaspace       used 4403K, capacity 5391K, committed 5760K, reserved 1056768K
  class space    used 364K, capacity 535K, committed 640K, reserved 1048576K
GC Heap History (6 events):
Event: 2.784 GC heap before
{Heap before GC invocations=0 (full 0):
 garbage-first heap   total 524288K, used 28484K [0x000000060a400000, 0x0000000800000000)
  region size 4096K, 6 young (24576K), 0 survivors (0K)
 Metaspace       used 3580K, capacity 5263K, committed 5504K, reserved 1056768K
  class space    used 363K, capacity 535K, committed 640K, reserved 1048576K
}
Event: 2.786 GC heap after
{Heap after GC invocations=1 (full 0):
 garbage-first heap   total 524288K, used 7927K [0x000000060a400000, 0x0000000800000000)
  region size 4096K, 1 young (4096K), 1 survivors (4096K)
 Metaspace       used 3580K, capacity 5263K, committed 5504K, reserved 1056768K
  class space    used 363K, capacity 535K, committed 640K, reserved 1048576K
}
Event: 2.861 GC heap before
{Heap before GC invocations=1 (full 0):
 garbage-first heap   total 524288K, used 36599K [0x000000060a400000, 0x0000000800000000)
  region size 4096K, 8 young (32768K), 1 survivors (4096K)
 Metaspace       used 3755K, capacity 5327K, committed 5504K, reserved 1056768K
  class space    used 363K, capacity 535K, committed 640K, reserved 1048576K
}
Event: 2.864 GC heap after
{Heap after GC invocations=2 (full 0):
 garbage-first heap   total 524288K, used 19477K [0x000000060a400000, 0x0000000800000000)
  region size 4096K, 1 young (4096K), 1 survivors (4096K)
 Metaspace       used 3755K, capacity 5327K, committed 5504K, reserved 1056768K
  class space    used 363K, capacity 535K, committed 640K, reserved 1048576K
}
Event: 3.238 GC heap before
{Heap before GC invocations=2 (full 0):
 garbage-first heap   total 524288K, used 150549K [0x000000060a400000, 0x0000000800000000)
  region size 4096K, 33 young (135168K), 1 survivors (4096K)
 Metaspace       used 4304K, capacity 5391K, committed 5760K, reserved 1056768K
  class space    used 363K, capacity 535K, committed 640K, reserved 1048576K
}
Event: 3.241 GC heap after
{Heap after GC invocations=3 (full 0):
 garbage-first heap   total 524288K, used 28594K [0x000000060a400000, 0x0000000800000000)
  region size 4096K, 4 young (16384K), 4 survivors (16384K)
 Metaspace       used 4304K, capacity 5391K, committed 5760K, reserved 1056768K
  class space    used 363K, capacity 535K, committed 640K, reserved 1048576K
}

