# JRE version: OpenJDK Runtime Environment (15.0) (build 15-internal+0-adhoc.jenkins.loom)
# Java VM: OpenJDK 64-Bit Server VM (15-internal+0-adhoc.jenkins.loom, mixed mode, sharing, tiered, compressed oops, g1 gc, linux-amd64)
Heap:
 garbage-first heap   total 524288K, used 109361K [0x000000060a400000, 0x0000000800000000)
  region size 4096K, 27 young (110592K), 2 survivors (8192K)
 Metaspace       used 4480K, capacity 5496K, committed 5760K, reserved 1056768K
  class space    used 381K, capacity 570K, committed 640K, reserved 1048576K
GC Heap History (6 events):
Event: 18.357 GC heap before
{Heap before GC invocations=0 (full 0):
 garbage-first heap   total 524288K, used 28484K [0x000000060a400000, 0x0000000800000000)
  region size 4096K, 6 young (24576K), 0 survivors (0K)
 Metaspace       used 3647K, capacity 5368K, committed 5504K, reserved 1056768K
  class space    used 380K, capacity 570K, committed 640K, reserved 1048576K
}
Event: 18.361 GC heap after
{Heap after GC invocations=1 (full 0):
 garbage-first heap   total 524288K, used 8310K [0x000000060a400000, 0x0000000800000000)
  region size 4096K, 1 young (4096K), 1 survivors (4096K)
 Metaspace       used 3647K, capacity 5368K, committed 5504K, reserved 1056768K
  class space    used 380K, capacity 570K, committed 640K, reserved 1048576K
}
Event: 18.469 GC heap before
{Heap before GC invocations=1 (full 0):
 garbage-first heap   total 524288K, used 32886K [0x000000060a400000, 0x0000000800000000)
  region size 4096K, 8 young (32768K), 1 survivors (4096K)
 Metaspace       used 3836K, capacity 5432K, committed 5504K, reserved 1056768K
  class space    used 380K, capacity 570K, committed 640K, reserved 1048576K
}
Event: 18.470 GC heap after
{Heap after GC invocations=2 (full 0):
 garbage-first heap   total 524288K, used 11401K [0x000000060a400000, 0x0000000800000000)
  region size 4096K, 1 young (4096K), 1 survivors (4096K)
 Metaspace       used 3836K, capacity 5432K, committed 5504K, reserved 1056768K
  class space    used 380K, capacity 570K, committed 640K, reserved 1048576K
}
Event: 18.864 GC heap before
{Heap before GC invocations=2 (full 0):
 garbage-first heap   total 524288K, used 167049K [0x000000060a400000, 0x0000000800000000)
  region size 4096K, 39 young (159744K), 1 survivors (4096K)
 Metaspace       used 4398K, capacity 5496K, committed 5760K, reserved 1056768K
  class space    used 381K, capacity 570K, committed 640K, reserved 1048576K
}
Event: 18.865 GC heap after
{Heap after GC invocations=3 (full 0):
 garbage-first heap   total 524288K, used 15153K [0x000000060a400000, 0x0000000800000000)
  region size 4096K, 2 young (8192K), 2 survivors (8192K)
 Metaspace       used 4398K, capacity 5496K, committed 5760K, reserved 1056768K
  class space    used 381K, capacity 570K, committed 640K, reserved 1048576K
}

